<?xml version="1.0" encoding="UTF-8"?>
<!-- Generated by org.testng.reporters.JUnitReportReporter -->
<testsuite hostname="DESKTOP-DB2S0S0" failures="0" tests="2" name="folderr.class123" time="9.878" errors="0" timestamp="2024-05-17T17:01:05 IST" skipped="0">
  <testcase classname="folderr.class123" name="testSearch" time="4.774"/>
  <testcase classname="folderr.class123" name="testSearchfaliling" time="5.104"/>
</testsuite> <!-- folderr.class123 -->
